🔎 Running integrity checks...
✅ Found: CREATE TABLE
✅ Found: INSERT INTO
✅ Found: UNLOCK TABLES
✅ File size: 4.0K
[2025-06-25 17:47:02] Starting backup for database: dbvx1
🔎 Running integrity checks...
✅ Found: CREATE TABLE
✅ Found: INSERT INTO
✅ Found: UNLOCK TABLES
✅ File size: 4.0K
[2025-06-25 17:47:24] Starting backup for database: dbvx1
🔎 Running integrity checks...
✅ Found: CREATE TABLE
✅ Found: INSERT INTO
✅ Found: UNLOCK TABLES
✅ File size: 4.0K
🔎 Running integrity checks...
✅ Found: CREATE TABLE
✅ Found: INSERT INTO
✅ Found: UNLOCK TABLES
✅ File size: 4.0K
🔎 Running integrity checks...
✅ Found: CREATE TABLE
✅ Found: INSERT INTO
✅ Found: UNLOCK TABLES
✅ File size: 4.0K
[2025-06-25 17:52:02] Starting backup for database: dbvx1
🔎 Running integrity checks...
✅ Found: CREATE TABLE
✅ Found: INSERT INTO
✅ Found: UNLOCK TABLES
✅ File size: 4.0K
